0 verbose cli /usr/bin/node /usr/bin/npm
1 info using npm@10.9.2
2 info using node@v23.4.0
3 silly config load:file:/usr/lib/node_modules/npm/npmrc
4 silly config load:file:/home/tk/.cache/yay/waypaper-engine/src/Waypaper-Engine-2.0.3/daemon/.npmrc
5 silly config load:file:/home/tk/.npmrc
6 silly config load:file:/etc/npmrc
7 verbose title npm install
8 verbose argv "install"
9 verbose logfile logs-max:10 dir:/home/tk/.npm/_logs/2024-12-22T01_22_57_568Z-
10 verbose logfile /home/tk/.npm/_logs/2024-12-22T01_22_57_568Z-debug-0.log
11 silly logfile done cleaning log files
12 silly packumentCache heap:4345298944 maxSize:1086324736 maxEntrySize:543162368
13 silly idealTree buildDeps
14 silly reify moves {}
15 silly audit bulk request {
15 silly audit   '@emnapi/runtime': [ '1.1.1' ],
15 silly audit   '@img/sharp-darwin-arm64': [ '0.33.3' ],
15 silly audit   '@img/sharp-darwin-x64': [ '0.33.3' ],
15 silly audit   '@img/sharp-libvips-darwin-arm64': [ '1.0.2' ],
15 silly audit   '@img/sharp-libvips-darwin-x64': [ '1.0.2' ],
15 silly audit   '@img/sharp-libvips-linux-arm': [ '1.0.2' ],
15 silly audit   '@img/sharp-libvips-linux-arm64': [ '1.0.2' ],
15 silly audit   '@img/sharp-libvips-linux-s390x': [ '1.0.2' ],
15 silly audit   '@img/sharp-libvips-linux-x64': [ '1.0.2' ],
15 silly audit   '@img/sharp-libvips-linuxmusl-arm64': [ '1.0.2' ],
15 silly audit   '@img/sharp-libvips-linuxmusl-x64': [ '1.0.2' ],
15 silly audit   '@img/sharp-linux-arm': [ '0.33.3' ],
15 silly audit   '@img/sharp-linux-arm64': [ '0.33.3' ],
15 silly audit   '@img/sharp-linux-s390x': [ '0.33.3' ],
15 silly audit   '@img/sharp-linux-x64': [ '0.33.3' ],
15 silly audit   '@img/sharp-linuxmusl-arm64': [ '0.33.3' ],
15 silly audit   '@img/sharp-linuxmusl-x64': [ '0.33.3' ],
15 silly audit   '@img/sharp-wasm32': [ '0.33.3' ],
15 silly audit   '@img/sharp-win32-ia32': [ '0.33.3' ],
15 silly audit   '@img/sharp-win32-x64': [ '0.33.3' ],
15 silly audit   'abort-controller': [ '3.0.0' ],
15 silly audit   anymatch: [ '3.1.3' ],
15 silly audit   'atomic-sleep': [ '1.0.0' ],
15 silly audit   'base64-js': [ '1.5.1' ],
15 silly audit   'better-sqlite3': [ '9.5.0' ],
15 silly audit   'binary-extensions': [ '2.3.0' ],
15 silly audit   bindings: [ '1.5.0' ],
15 silly audit   bl: [ '4.1.0' ],
15 silly audit   braces: [ '3.0.2' ],
15 silly audit   buffer: [ '5.7.1', '6.0.3' ],
15 silly audit   chokidar: [ '3.6.0' ],
15 silly audit   chownr: [ '1.1.4' ],
15 silly audit   color: [ '4.2.3' ],
15 silly audit   'color-convert': [ '2.0.1' ],
15 silly audit   'color-name': [ '1.1.4' ],
15 silly audit   'color-string': [ '1.9.1' ],
15 silly audit   'decompress-response': [ '6.0.0' ],
15 silly audit   'deep-extend': [ '0.6.0' ],
15 silly audit   'detect-libc': [ '2.0.3' ],
15 silly audit   'drizzle-orm': [ '0.30.8' ],
15 silly audit   'end-of-stream': [ '1.4.4' ],
15 silly audit   'event-target-shim': [ '5.0.1' ],
15 silly audit   events: [ '3.3.0' ],
15 silly audit   'expand-template': [ '2.0.3' ],
15 silly audit   'fast-redact': [ '3.5.0' ],
15 silly audit   'file-uri-to-path': [ '1.0.0' ],
15 silly audit   'fill-range': [ '7.0.1' ],
15 silly audit   'fs-constants': [ '1.0.0' ],
15 silly audit   fsevents: [ '2.3.3' ],
15 silly audit   'github-from-package': [ '0.0.0' ],
15 silly audit   'glob-parent': [ '5.1.2' ],
15 silly audit   ieee754: [ '1.2.1' ],
15 silly audit   inherits: [ '2.0.4' ],
15 silly audit   ini: [ '1.3.8' ],
15 silly audit   'is-arrayish': [ '0.3.2' ],
15 silly audit   'is-binary-path': [ '2.1.0' ],
15 silly audit   'is-extglob': [ '2.1.1' ],
15 silly audit   'is-glob': [ '4.0.3' ],
15 silly audit   'is-number': [ '7.0.0' ],
15 silly audit   'lru-cache': [ '6.0.0' ],
15 silly audit   'mimic-response': [ '3.1.0' ],
15 silly audit   minimist: [ '1.2.8' ],
15 silly audit   'mkdirp-classic': [ '0.5.3' ],
15 silly audit   'napi-build-utils': [ '1.0.2' ],
15 silly audit   'node-abi': [ '3.58.0' ],
15 silly audit   'normalize-path': [ '3.0.0' ],
15 silly audit   'on-exit-leak-free': [ '2.1.2' ],
15 silly audit   once: [ '1.4.0' ],
15 silly audit   picomatch: [ '2.3.1' ],
15 silly audit   pino: [ '9.0.0' ],
15 silly audit   'pino-abstract-transport': [ '1.2.0' ],
15 silly audit   'readable-stream': [ '4.5.2', '3.6.2' ],
15 silly audit   'pino-std-serializers': [ '6.2.2' ],
15 silly audit   'prebuild-install': [ '7.1.2' ],
15 silly audit   process: [ '0.11.10' ],
15 silly audit   'process-warning': [ '3.0.0' ],
15 silly audit   pump: [ '3.0.0' ],
15 silly audit   'quick-format-unescaped': [ '4.0.4' ],
15 silly audit   rc: [ '1.2.8' ],
15 silly audit   readdirp: [ '3.6.0' ],
15 silly audit   'real-require': [ '0.2.0' ],
15 silly audit   'safe-buffer': [ '5.2.1' ],
15 silly audit   'safe-stable-stringify': [ '2.4.3' ],
15 silly audit   semver: [ '7.6.0' ],
15 silly audit   sharp: [ '0.33.3' ],
15 silly audit   'simple-concat': [ '1.0.1' ],
15 silly audit   'simple-get': [ '4.0.1' ],
15 silly audit   'simple-swizzle': [ '0.2.2' ],
15 silly audit   'sonic-boom': [ '3.8.1' ],
15 silly audit   split2: [ '4.2.0' ],
15 silly audit   string_decoder: [ '1.3.0' ],
15 silly audit   'strip-json-comments': [ '2.0.1' ],
15 silly audit   'tar-fs': [ '2.1.1' ],
15 silly audit   'tar-stream': [ '2.2.0' ],
15 silly audit   'thread-stream': [ '2.7.0' ],
15 silly audit   'to-regex-range': [ '5.0.1' ],
15 silly audit   tslib: [ '2.6.2' ],
15 silly audit   'tunnel-agent': [ '0.6.0' ],
15 silly audit   'util-deprecate': [ '1.0.2' ],
15 silly audit   wrappy: [ '1.0.2' ],
15 silly audit   yallist: [ '4.0.0' ]
15 silly audit }
16 verbose reify failed optional dependency /home/tk/.cache/yay/waypaper-engine/src/Waypaper-Engine-2.0.3/daemon/node_modules/fsevents
17 silly reify mark deleted [
17 silly reify   '/home/tk/.cache/yay/waypaper-engine/src/Waypaper-Engine-2.0.3/daemon/node_modules/fsevents'
17 silly reify ]
18 verbose reify failed optional dependency /home/tk/.cache/yay/waypaper-engine/src/Waypaper-Engine-2.0.3/daemon/node_modules/@img/sharp-win32-x64
19 silly reify mark deleted [
19 silly reify   '/home/tk/.cache/yay/waypaper-engine/src/Waypaper-Engine-2.0.3/daemon/node_modules/@img/sharp-win32-x64'
19 silly reify ]
20 verbose reify failed optional dependency /home/tk/.cache/yay/waypaper-engine/src/Waypaper-Engine-2.0.3/daemon/node_modules/@img/sharp-win32-ia32
21 silly reify mark deleted [
21 silly reify   '/home/tk/.cache/yay/waypaper-engine/src/Waypaper-Engine-2.0.3/daemon/node_modules/@img/sharp-win32-ia32'
21 silly reify ]
22 verbose reify failed optional dependency /home/tk/.cache/yay/waypaper-engine/src/Waypaper-Engine-2.0.3/daemon/node_modules/@img/sharp-wasm32
23 silly reify mark deleted [
23 silly reify   '/home/tk/.cache/yay/waypaper-engine/src/Waypaper-Engine-2.0.3/daemon/node_modules/@img/sharp-wasm32'
23 silly reify ]
24 verbose reify failed optional dependency /home/tk/.cache/yay/waypaper-engine/src/Waypaper-Engine-2.0.3/daemon/node_modules/@emnapi/runtime
25 silly reify mark deleted [
25 silly reify   '/home/tk/.cache/yay/waypaper-engine/src/Waypaper-Engine-2.0.3/daemon/node_modules/@emnapi/runtime'
25 silly reify ]
26 verbose reify failed optional dependency /home/tk/.cache/yay/waypaper-engine/src/Waypaper-Engine-2.0.3/daemon/node_modules/tslib
27 silly reify mark deleted [
27 silly reify   '/home/tk/.cache/yay/waypaper-engine/src/Waypaper-Engine-2.0.3/daemon/node_modules/tslib'
27 silly reify ]
28 verbose reify failed optional dependency /home/tk/.cache/yay/waypaper-engine/src/Waypaper-Engine-2.0.3/daemon/node_modules/@img/sharp-linuxmusl-arm64
29 silly reify mark deleted [
29 silly reify   '/home/tk/.cache/yay/waypaper-engine/src/Waypaper-Engine-2.0.3/daemon/node_modules/@img/sharp-linuxmusl-arm64'
29 silly reify ]
30 verbose reify failed optional dependency /home/tk/.cache/yay/waypaper-engine/src/Waypaper-Engine-2.0.3/daemon/node_modules/@img/sharp-linux-s390x
31 silly reify mark deleted [
31 silly reify   '/home/tk/.cache/yay/waypaper-engine/src/Waypaper-Engine-2.0.3/daemon/node_modules/@img/sharp-linux-s390x'
31 silly reify ]
32 verbose reify failed optional dependency /home/tk/.cache/yay/waypaper-engine/src/Waypaper-Engine-2.0.3/daemon/node_modules/@img/sharp-linux-arm64
33 silly reify mark deleted [
33 silly reify   '/home/tk/.cache/yay/waypaper-engine/src/Waypaper-Engine-2.0.3/daemon/node_modules/@img/sharp-linux-arm64'
33 silly reify ]
34 verbose reify failed optional dependency /home/tk/.cache/yay/waypaper-engine/src/Waypaper-Engine-2.0.3/daemon/node_modules/@img/sharp-linux-arm
35 silly reify mark deleted [
35 silly reify   '/home/tk/.cache/yay/waypaper-engine/src/Waypaper-Engine-2.0.3/daemon/node_modules/@img/sharp-linux-arm'
35 silly reify ]
36 verbose reify failed optional dependency /home/tk/.cache/yay/waypaper-engine/src/Waypaper-Engine-2.0.3/daemon/node_modules/@img/sharp-libvips-linuxmusl-arm64
37 silly reify mark deleted [
37 silly reify   '/home/tk/.cache/yay/waypaper-engine/src/Waypaper-Engine-2.0.3/daemon/node_modules/@img/sharp-libvips-linuxmusl-arm64'
37 silly reify ]
38 verbose reify failed optional dependency /home/tk/.cache/yay/waypaper-engine/src/Waypaper-Engine-2.0.3/daemon/node_modules/@img/sharp-libvips-linux-s390x
39 silly reify mark deleted [
39 silly reify   '/home/tk/.cache/yay/waypaper-engine/src/Waypaper-Engine-2.0.3/daemon/node_modules/@img/sharp-libvips-linux-s390x'
39 silly reify ]
40 verbose reify failed optional dependency /home/tk/.cache/yay/waypaper-engine/src/Waypaper-Engine-2.0.3/daemon/node_modules/@img/sharp-libvips-linux-arm64
41 silly reify mark deleted [
41 silly reify   '/home/tk/.cache/yay/waypaper-engine/src/Waypaper-Engine-2.0.3/daemon/node_modules/@img/sharp-libvips-linux-arm64'
41 silly reify ]
42 verbose reify failed optional dependency /home/tk/.cache/yay/waypaper-engine/src/Waypaper-Engine-2.0.3/daemon/node_modules/@img/sharp-libvips-linux-arm
43 silly reify mark deleted [
43 silly reify   '/home/tk/.cache/yay/waypaper-engine/src/Waypaper-Engine-2.0.3/daemon/node_modules/@img/sharp-libvips-linux-arm'
43 silly reify ]
44 verbose reify failed optional dependency /home/tk/.cache/yay/waypaper-engine/src/Waypaper-Engine-2.0.3/daemon/node_modules/@img/sharp-libvips-darwin-x64
45 silly reify mark deleted [
45 silly reify   '/home/tk/.cache/yay/waypaper-engine/src/Waypaper-Engine-2.0.3/daemon/node_modules/@img/sharp-libvips-darwin-x64'
45 silly reify ]
46 verbose reify failed optional dependency /home/tk/.cache/yay/waypaper-engine/src/Waypaper-Engine-2.0.3/daemon/node_modules/@img/sharp-libvips-darwin-arm64
47 silly reify mark deleted [
47 silly reify   '/home/tk/.cache/yay/waypaper-engine/src/Waypaper-Engine-2.0.3/daemon/node_modules/@img/sharp-libvips-darwin-arm64'
47 silly reify ]
48 verbose reify failed optional dependency /home/tk/.cache/yay/waypaper-engine/src/Waypaper-Engine-2.0.3/daemon/node_modules/@img/sharp-darwin-x64
49 silly reify mark deleted [
49 silly reify   '/home/tk/.cache/yay/waypaper-engine/src/Waypaper-Engine-2.0.3/daemon/node_modules/@img/sharp-darwin-x64'
49 silly reify ]
50 verbose reify failed optional dependency /home/tk/.cache/yay/waypaper-engine/src/Waypaper-Engine-2.0.3/daemon/node_modules/@img/sharp-darwin-arm64
51 silly reify mark deleted [
51 silly reify   '/home/tk/.cache/yay/waypaper-engine/src/Waypaper-Engine-2.0.3/daemon/node_modules/@img/sharp-darwin-arm64'
51 silly reify ]
52 http cache yallist@https://registry.npmjs.org/yallist/-/yallist-4.0.0.tgz 0ms (cache hit)
53 http cache wrappy@https://registry.npmjs.org/wrappy/-/wrappy-1.0.2.tgz 0ms (cache hit)
54 http cache util-deprecate@https://registry.npmjs.org/util-deprecate/-/util-deprecate-1.0.2.tgz 0ms (cache hit)
55 http cache tunnel-agent@https://registry.npmjs.org/tunnel-agent/-/tunnel-agent-0.6.0.tgz 0ms (cache hit)
56 http cache to-regex-range@https://registry.npmjs.org/to-regex-range/-/to-regex-range-5.0.1.tgz 0ms (cache hit)
57 http cache tar-stream@https://registry.npmjs.org/tar-stream/-/tar-stream-2.2.0.tgz 0ms (cache hit)
58 http cache tar-fs@https://registry.npmjs.org/tar-fs/-/tar-fs-2.1.1.tgz 0ms (cache hit)
59 http cache strip-json-comments@https://registry.npmjs.org/strip-json-comments/-/strip-json-comments-2.0.1.tgz 0ms (cache hit)
60 http cache thread-stream@https://registry.npmjs.org/thread-stream/-/thread-stream-2.7.0.tgz 0ms (cache hit)
61 http cache split2@https://registry.npmjs.org/split2/-/split2-4.2.0.tgz 0ms (cache hit)
62 http cache sonic-boom@https://registry.npmjs.org/sonic-boom/-/sonic-boom-3.8.1.tgz 0ms (cache hit)
63 http cache string_decoder@https://registry.npmjs.org/string_decoder/-/string_decoder-1.3.0.tgz 0ms (cache hit)
64 http cache tslib@https://registry.npmjs.org/tslib/-/tslib-2.6.2.tgz 0ms (cache hit)
65 http cache simple-get@https://registry.npmjs.org/simple-get/-/simple-get-4.0.1.tgz 0ms (cache hit)
66 http cache simple-concat@https://registry.npmjs.org/simple-concat/-/simple-concat-1.0.1.tgz 0ms (cache hit)
67 http cache sharp@https://registry.npmjs.org/sharp/-/sharp-0.33.3.tgz 0ms (cache hit)
68 http cache simple-swizzle@https://registry.npmjs.org/simple-swizzle/-/simple-swizzle-0.2.2.tgz 0ms (cache hit)
69 http cache semver@https://registry.npmjs.org/semver/-/semver-7.6.0.tgz 0ms (cache hit)
70 http cache safe-buffer@https://registry.npmjs.org/safe-buffer/-/safe-buffer-5.2.1.tgz 0ms (cache hit)
71 http cache readdirp@https://registry.npmjs.org/readdirp/-/readdirp-3.6.0.tgz 0ms (cache hit)
72 http cache readable-stream@https://registry.npmjs.org/readable-stream/-/readable-stream-3.6.2.tgz 0ms (cache hit)
73 http cache rc@https://registry.npmjs.org/rc/-/rc-1.2.8.tgz 0ms (cache hit)
74 http cache quick-format-unescaped@https://registry.npmjs.org/quick-format-unescaped/-/quick-format-unescaped-4.0.4.tgz 0ms (cache hit)
75 http cache pump@https://registry.npmjs.org/pump/-/pump-3.0.0.tgz 0ms (cache hit)
76 http cache real-require@https://registry.npmjs.org/real-require/-/real-require-0.2.0.tgz 0ms (cache hit)
77 http cache safe-stable-stringify@https://registry.npmjs.org/safe-stable-stringify/-/safe-stable-stringify-2.4.3.tgz 0ms (cache hit)
78 http cache process-warning@https://registry.npmjs.org/process-warning/-/process-warning-3.0.0.tgz 0ms (cache hit)
79 http cache process@https://registry.npmjs.org/process/-/process-0.11.10.tgz 0ms (cache hit)
80 http cache pino-std-serializers@https://registry.npmjs.org/pino-std-serializers/-/pino-std-serializers-6.2.2.tgz 0ms (cache hit)
81 http cache prebuild-install@https://registry.npmjs.org/prebuild-install/-/prebuild-install-7.1.2.tgz 0ms (cache hit)
82 http cache pino-abstract-transport@https://registry.npmjs.org/pino-abstract-transport/-/pino-abstract-transport-1.2.0.tgz 0ms (cache hit)
83 http cache pino@https://registry.npmjs.org/pino/-/pino-9.0.0.tgz 0ms (cache hit)
84 http cache once@https://registry.npmjs.org/once/-/once-1.4.0.tgz 0ms (cache hit)
85 http cache picomatch@https://registry.npmjs.org/picomatch/-/picomatch-2.3.1.tgz 0ms (cache hit)
86 http cache normalize-path@https://registry.npmjs.org/normalize-path/-/normalize-path-3.0.0.tgz 0ms (cache hit)
87 http cache napi-build-utils@https://registry.npmjs.org/napi-build-utils/-/napi-build-utils-1.0.2.tgz 0ms (cache hit)
88 http cache node-abi@https://registry.npmjs.org/node-abi/-/node-abi-3.58.0.tgz 0ms (cache hit)
89 http cache on-exit-leak-free@https://registry.npmjs.org/on-exit-leak-free/-/on-exit-leak-free-2.1.2.tgz 0ms (cache hit)
90 http cache mkdirp-classic@https://registry.npmjs.org/mkdirp-classic/-/mkdirp-classic-0.5.3.tgz 0ms (cache hit)
91 http cache minimist@https://registry.npmjs.org/minimist/-/minimist-1.2.8.tgz 0ms (cache hit)
92 http cache is-number@https://registry.npmjs.org/is-number/-/is-number-7.0.0.tgz 0ms (cache hit)
93 http cache lru-cache@https://registry.npmjs.org/lru-cache/-/lru-cache-6.0.0.tgz 0ms (cache hit)
94 http cache mimic-response@https://registry.npmjs.org/mimic-response/-/mimic-response-3.1.0.tgz 0ms (cache hit)
95 http cache is-glob@https://registry.npmjs.org/is-glob/-/is-glob-4.0.3.tgz 0ms (cache hit)
96 http cache is-extglob@https://registry.npmjs.org/is-extglob/-/is-extglob-2.1.1.tgz 0ms (cache hit)
97 http cache is-arrayish@https://registry.npmjs.org/is-arrayish/-/is-arrayish-0.3.2.tgz 0ms (cache hit)
98 http cache inherits@https://registry.npmjs.org/inherits/-/inherits-2.0.4.tgz 0ms (cache hit)
99 http cache ieee754@https://registry.npmjs.org/ieee754/-/ieee754-1.2.1.tgz 0ms (cache hit)
100 http cache is-binary-path@https://registry.npmjs.org/is-binary-path/-/is-binary-path-2.1.0.tgz 0ms (cache hit)
101 http cache ini@https://registry.npmjs.org/ini/-/ini-1.3.8.tgz 0ms (cache hit)
102 http cache glob-parent@https://registry.npmjs.org/glob-parent/-/glob-parent-5.1.2.tgz 0ms (cache hit)
103 http cache github-from-package@https://registry.npmjs.org/github-from-package/-/github-from-package-0.0.0.tgz 0ms (cache hit)
104 http cache fill-range@https://registry.npmjs.org/fill-range/-/fill-range-7.0.1.tgz 0ms (cache hit)
105 http cache fs-constants@https://registry.npmjs.org/fs-constants/-/fs-constants-1.0.0.tgz 0ms (cache hit)
106 http cache fast-redact@https://registry.npmjs.org/fast-redact/-/fast-redact-3.5.0.tgz 0ms (cache hit)
107 http cache file-uri-to-path@https://registry.npmjs.org/file-uri-to-path/-/file-uri-to-path-1.0.0.tgz 0ms (cache hit)
108 http cache expand-template@https://registry.npmjs.org/expand-template/-/expand-template-2.0.3.tgz 0ms (cache hit)
109 http cache events@https://registry.npmjs.org/events/-/events-3.3.0.tgz 0ms (cache hit)
110 http cache end-of-stream@https://registry.npmjs.org/end-of-stream/-/end-of-stream-1.4.4.tgz 0ms (cache hit)
111 http cache event-target-shim@https://registry.npmjs.org/event-target-shim/-/event-target-shim-5.0.1.tgz 0ms (cache hit)
112 http cache detect-libc@https://registry.npmjs.org/detect-libc/-/detect-libc-2.0.3.tgz 0ms (cache hit)
113 http cache deep-extend@https://registry.npmjs.org/deep-extend/-/deep-extend-0.6.0.tgz 0ms (cache hit)
114 http cache decompress-response@https://registry.npmjs.org/decompress-response/-/decompress-response-6.0.0.tgz 0ms (cache hit)
115 http cache drizzle-orm@https://registry.npmjs.org/drizzle-orm/-/drizzle-orm-0.30.8.tgz 0ms (cache hit)
116 http cache color-string@https://registry.npmjs.org/color-string/-/color-string-1.9.1.tgz 0ms (cache hit)
117 http cache color-name@https://registry.npmjs.org/color-name/-/color-name-1.1.4.tgz 0ms (cache hit)
118 http cache color-convert@https://registry.npmjs.org/color-convert/-/color-convert-2.0.1.tgz 0ms (cache hit)
119 http cache chownr@https://registry.npmjs.org/chownr/-/chownr-1.1.4.tgz 0ms (cache hit)
120 http cache buffer@https://registry.npmjs.org/buffer/-/buffer-5.7.1.tgz 0ms (cache hit)
121 http cache braces@https://registry.npmjs.org/braces/-/braces-3.0.2.tgz 0ms (cache hit)
122 http cache bl@https://registry.npmjs.org/bl/-/bl-4.1.0.tgz 0ms (cache hit)
123 http cache binary-extensions@https://registry.npmjs.org/binary-extensions/-/binary-extensions-2.3.0.tgz 0ms (cache hit)
124 http cache bindings@https://registry.npmjs.org/bindings/-/bindings-1.5.0.tgz 0ms (cache hit)
125 http cache better-sqlite3@https://registry.npmjs.org/better-sqlite3/-/better-sqlite3-9.5.0.tgz 0ms (cache hit)
126 http cache color@https://registry.npmjs.org/color/-/color-4.2.3.tgz 0ms (cache hit)
127 http cache atomic-sleep@https://registry.npmjs.org/atomic-sleep/-/atomic-sleep-1.0.0.tgz 0ms (cache hit)
128 http cache base64-js@https://registry.npmjs.org/base64-js/-/base64-js-1.5.1.tgz 0ms (cache hit)
129 http cache anymatch@https://registry.npmjs.org/anymatch/-/anymatch-3.1.3.tgz 0ms (cache hit)
130 http cache @img/sharp-linuxmusl-x64@https://registry.npmjs.org/@img/sharp-linuxmusl-x64/-/sharp-linuxmusl-x64-0.33.3.tgz 0ms (cache hit)
131 http cache abort-controller@https://registry.npmjs.org/abort-controller/-/abort-controller-3.0.0.tgz 0ms (cache hit)
132 http cache chokidar@https://registry.npmjs.org/chokidar/-/chokidar-3.6.0.tgz 0ms (cache hit)
133 http cache @img/sharp-libvips-linuxmusl-x64@https://registry.npmjs.org/@img/sharp-libvips-linuxmusl-x64/-/sharp-libvips-linuxmusl-x64-1.0.2.tgz 0ms (cache hit)
134 http cache @img/sharp-linux-x64@https://registry.npmjs.org/@img/sharp-linux-x64/-/sharp-linux-x64-0.33.3.tgz 0ms (cache hit)
135 http cache @emnapi/runtime@https://registry.npmjs.org/@emnapi/runtime/-/runtime-1.1.1.tgz 0ms (cache hit)
136 http cache @img/sharp-libvips-linux-x64@https://registry.npmjs.org/@img/sharp-libvips-linux-x64/-/sharp-libvips-linux-x64-1.0.2.tgz 0ms (cache hit)
137 http cache readable-stream@https://registry.npmjs.org/readable-stream/-/readable-stream-4.5.2.tgz 0ms (cache hit)
138 http cache buffer@https://registry.npmjs.org/buffer/-/buffer-6.0.3.tgz 0ms (cache hit)
139 silly tarball no local data for yallist@https://registry.npmjs.org/yallist/-/yallist-4.0.0.tgz. Extracting by manifest.
140 silly tarball no local data for wrappy@https://registry.npmjs.org/wrappy/-/wrappy-1.0.2.tgz. Extracting by manifest.
141 silly tarball no local data for util-deprecate@https://registry.npmjs.org/util-deprecate/-/util-deprecate-1.0.2.tgz. Extracting by manifest.
142 silly tarball no local data for tunnel-agent@https://registry.npmjs.org/tunnel-agent/-/tunnel-agent-0.6.0.tgz. Extracting by manifest.
143 silly tarball no local data for to-regex-range@https://registry.npmjs.org/to-regex-range/-/to-regex-range-5.0.1.tgz. Extracting by manifest.
144 silly tarball no local data for tar-stream@https://registry.npmjs.org/tar-stream/-/tar-stream-2.2.0.tgz. Extracting by manifest.
145 silly tarball no local data for tar-fs@https://registry.npmjs.org/tar-fs/-/tar-fs-2.1.1.tgz. Extracting by manifest.
146 silly tarball no local data for strip-json-comments@https://registry.npmjs.org/strip-json-comments/-/strip-json-comments-2.0.1.tgz. Extracting by manifest.
147 silly tarball no local data for thread-stream@https://registry.npmjs.org/thread-stream/-/thread-stream-2.7.0.tgz. Extracting by manifest.
148 silly tarball no local data for split2@https://registry.npmjs.org/split2/-/split2-4.2.0.tgz. Extracting by manifest.
149 silly tarball no local data for sonic-boom@https://registry.npmjs.org/sonic-boom/-/sonic-boom-3.8.1.tgz. Extracting by manifest.
150 silly tarball no local data for string_decoder@https://registry.npmjs.org/string_decoder/-/string_decoder-1.3.0.tgz. Extracting by manifest.
151 silly tarball no local data for tslib@https://registry.npmjs.org/tslib/-/tslib-2.6.2.tgz. Extracting by manifest.
152 silly tarball no local data for simple-get@https://registry.npmjs.org/simple-get/-/simple-get-4.0.1.tgz. Extracting by manifest.
153 silly tarball no local data for simple-concat@https://registry.npmjs.org/simple-concat/-/simple-concat-1.0.1.tgz. Extracting by manifest.
154 silly tarball no local data for sharp@https://registry.npmjs.org/sharp/-/sharp-0.33.3.tgz. Extracting by manifest.
155 silly tarball no local data for simple-swizzle@https://registry.npmjs.org/simple-swizzle/-/simple-swizzle-0.2.2.tgz. Extracting by manifest.
156 silly tarball no local data for semver@https://registry.npmjs.org/semver/-/semver-7.6.0.tgz. Extracting by manifest.
157 silly tarball no local data for safe-buffer@https://registry.npmjs.org/safe-buffer/-/safe-buffer-5.2.1.tgz. Extracting by manifest.
158 silly tarball no local data for readdirp@https://registry.npmjs.org/readdirp/-/readdirp-3.6.0.tgz. Extracting by manifest.
159 silly tarball no local data for readable-stream@https://registry.npmjs.org/readable-stream/-/readable-stream-3.6.2.tgz. Extracting by manifest.
160 silly tarball no local data for rc@https://registry.npmjs.org/rc/-/rc-1.2.8.tgz. Extracting by manifest.
161 silly tarball no local data for quick-format-unescaped@https://registry.npmjs.org/quick-format-unescaped/-/quick-format-unescaped-4.0.4.tgz. Extracting by manifest.
162 silly tarball no local data for pump@https://registry.npmjs.org/pump/-/pump-3.0.0.tgz. Extracting by manifest.
163 silly tarball no local data for real-require@https://registry.npmjs.org/real-require/-/real-require-0.2.0.tgz. Extracting by manifest.
164 silly tarball no local data for safe-stable-stringify@https://registry.npmjs.org/safe-stable-stringify/-/safe-stable-stringify-2.4.3.tgz. Extracting by manifest.
165 silly tarball no local data for process-warning@https://registry.npmjs.org/process-warning/-/process-warning-3.0.0.tgz. Extracting by manifest.
166 silly tarball no local data for process@https://registry.npmjs.org/process/-/process-0.11.10.tgz. Extracting by manifest.
167 silly tarball no local data for pino-std-serializers@https://registry.npmjs.org/pino-std-serializers/-/pino-std-serializers-6.2.2.tgz. Extracting by manifest.
168 silly tarball no local data for prebuild-install@https://registry.npmjs.org/prebuild-install/-/prebuild-install-7.1.2.tgz. Extracting by manifest.
169 silly tarball no local data for pino-abstract-transport@https://registry.npmjs.org/pino-abstract-transport/-/pino-abstract-transport-1.2.0.tgz. Extracting by manifest.
170 silly tarball no local data for pino@https://registry.npmjs.org/pino/-/pino-9.0.0.tgz. Extracting by manifest.
171 silly tarball no local data for once@https://registry.npmjs.org/once/-/once-1.4.0.tgz. Extracting by manifest.
172 silly tarball no local data for picomatch@https://registry.npmjs.org/picomatch/-/picomatch-2.3.1.tgz. Extracting by manifest.
173 silly tarball no local data for normalize-path@https://registry.npmjs.org/normalize-path/-/normalize-path-3.0.0.tgz. Extracting by manifest.
174 silly tarball no local data for napi-build-utils@https://registry.npmjs.org/napi-build-utils/-/napi-build-utils-1.0.2.tgz. Extracting by manifest.
175 silly tarball no local data for node-abi@https://registry.npmjs.org/node-abi/-/node-abi-3.58.0.tgz. Extracting by manifest.
176 silly tarball no local data for on-exit-leak-free@https://registry.npmjs.org/on-exit-leak-free/-/on-exit-leak-free-2.1.2.tgz. Extracting by manifest.
177 silly tarball no local data for mkdirp-classic@https://registry.npmjs.org/mkdirp-classic/-/mkdirp-classic-0.5.3.tgz. Extracting by manifest.
178 silly tarball no local data for minimist@https://registry.npmjs.org/minimist/-/minimist-1.2.8.tgz. Extracting by manifest.
179 silly tarball no local data for is-number@https://registry.npmjs.org/is-number/-/is-number-7.0.0.tgz. Extracting by manifest.
180 silly tarball no local data for lru-cache@https://registry.npmjs.org/lru-cache/-/lru-cache-6.0.0.tgz. Extracting by manifest.
181 silly tarball no local data for mimic-response@https://registry.npmjs.org/mimic-response/-/mimic-response-3.1.0.tgz. Extracting by manifest.
182 silly tarball no local data for is-glob@https://registry.npmjs.org/is-glob/-/is-glob-4.0.3.tgz. Extracting by manifest.
183 silly tarball no local data for is-extglob@https://registry.npmjs.org/is-extglob/-/is-extglob-2.1.1.tgz. Extracting by manifest.
184 silly tarball no local data for is-arrayish@https://registry.npmjs.org/is-arrayish/-/is-arrayish-0.3.2.tgz. Extracting by manifest.
185 silly tarball no local data for inherits@https://registry.npmjs.org/inherits/-/inherits-2.0.4.tgz. Extracting by manifest.
186 silly tarball no local data for ieee754@https://registry.npmjs.org/ieee754/-/ieee754-1.2.1.tgz. Extracting by manifest.
187 silly tarball no local data for is-binary-path@https://registry.npmjs.org/is-binary-path/-/is-binary-path-2.1.0.tgz. Extracting by manifest.
188 silly tarball no local data for ini@https://registry.npmjs.org/ini/-/ini-1.3.8.tgz. Extracting by manifest.
189 silly tarball no local data for glob-parent@https://registry.npmjs.org/glob-parent/-/glob-parent-5.1.2.tgz. Extracting by manifest.
190 silly tarball no local data for github-from-package@https://registry.npmjs.org/github-from-package/-/github-from-package-0.0.0.tgz. Extracting by manifest.
191 silly tarball no local data for fill-range@https://registry.npmjs.org/fill-range/-/fill-range-7.0.1.tgz. Extracting by manifest.
192 silly tarball no local data for fs-constants@https://registry.npmjs.org/fs-constants/-/fs-constants-1.0.0.tgz. Extracting by manifest.
193 silly tarball no local data for fast-redact@https://registry.npmjs.org/fast-redact/-/fast-redact-3.5.0.tgz. Extracting by manifest.
194 silly tarball no local data for file-uri-to-path@https://registry.npmjs.org/file-uri-to-path/-/file-uri-to-path-1.0.0.tgz. Extracting by manifest.
195 silly tarball no local data for expand-template@https://registry.npmjs.org/expand-template/-/expand-template-2.0.3.tgz. Extracting by manifest.
196 silly tarball no local data for events@https://registry.npmjs.org/events/-/events-3.3.0.tgz. Extracting by manifest.
197 silly tarball no local data for end-of-stream@https://registry.npmjs.org/end-of-stream/-/end-of-stream-1.4.4.tgz. Extracting by manifest.
198 silly tarball no local data for event-target-shim@https://registry.npmjs.org/event-target-shim/-/event-target-shim-5.0.1.tgz. Extracting by manifest.
199 silly tarball no local data for detect-libc@https://registry.npmjs.org/detect-libc/-/detect-libc-2.0.3.tgz. Extracting by manifest.
200 silly tarball no local data for deep-extend@https://registry.npmjs.org/deep-extend/-/deep-extend-0.6.0.tgz. Extracting by manifest.
201 silly tarball no local data for decompress-response@https://registry.npmjs.org/decompress-response/-/decompress-response-6.0.0.tgz. Extracting by manifest.
202 silly tarball no local data for drizzle-orm@https://registry.npmjs.org/drizzle-orm/-/drizzle-orm-0.30.8.tgz. Extracting by manifest.
203 silly tarball no local data for color-string@https://registry.npmjs.org/color-string/-/color-string-1.9.1.tgz. Extracting by manifest.
204 silly tarball no local data for color-name@https://registry.npmjs.org/color-name/-/color-name-1.1.4.tgz. Extracting by manifest.
205 silly tarball no local data for color-convert@https://registry.npmjs.org/color-convert/-/color-convert-2.0.1.tgz. Extracting by manifest.
206 silly tarball no local data for chownr@https://registry.npmjs.org/chownr/-/chownr-1.1.4.tgz. Extracting by manifest.
207 silly tarball no local data for buffer@https://registry.npmjs.org/buffer/-/buffer-5.7.1.tgz. Extracting by manifest.
208 silly tarball no local data for braces@https://registry.npmjs.org/braces/-/braces-3.0.2.tgz. Extracting by manifest.
209 silly tarball no local data for bl@https://registry.npmjs.org/bl/-/bl-4.1.0.tgz. Extracting by manifest.
210 silly tarball no local data for binary-extensions@https://registry.npmjs.org/binary-extensions/-/binary-extensions-2.3.0.tgz. Extracting by manifest.
211 silly tarball no local data for bindings@https://registry.npmjs.org/bindings/-/bindings-1.5.0.tgz. Extracting by manifest.
212 silly tarball no local data for better-sqlite3@https://registry.npmjs.org/better-sqlite3/-/better-sqlite3-9.5.0.tgz. Extracting by manifest.
213 silly tarball no local data for color@https://registry.npmjs.org/color/-/color-4.2.3.tgz. Extracting by manifest.
214 silly tarball no local data for atomic-sleep@https://registry.npmjs.org/atomic-sleep/-/atomic-sleep-1.0.0.tgz. Extracting by manifest.
215 silly tarball no local data for base64-js@https://registry.npmjs.org/base64-js/-/base64-js-1.5.1.tgz. Extracting by manifest.
216 silly tarball no local data for anymatch@https://registry.npmjs.org/anymatch/-/anymatch-3.1.3.tgz. Extracting by manifest.
217 silly tarball no local data for @img/sharp-linuxmusl-x64@https://registry.npmjs.org/@img/sharp-linuxmusl-x64/-/sharp-linuxmusl-x64-0.33.3.tgz. Extracting by manifest.
218 silly tarball no local data for abort-controller@https://registry.npmjs.org/abort-controller/-/abort-controller-3.0.0.tgz. Extracting by manifest.
219 silly tarball no local data for chokidar@https://registry.npmjs.org/chokidar/-/chokidar-3.6.0.tgz. Extracting by manifest.
220 silly tarball no local data for @img/sharp-libvips-linuxmusl-x64@https://registry.npmjs.org/@img/sharp-libvips-linuxmusl-x64/-/sharp-libvips-linuxmusl-x64-1.0.2.tgz. Extracting by manifest.
221 silly tarball no local data for @img/sharp-linux-x64@https://registry.npmjs.org/@img/sharp-linux-x64/-/sharp-linux-x64-0.33.3.tgz. Extracting by manifest.
222 silly tarball no local data for @emnapi/runtime@https://registry.npmjs.org/@emnapi/runtime/-/runtime-1.1.1.tgz. Extracting by manifest.
223 silly tarball no local data for @img/sharp-libvips-linux-x64@https://registry.npmjs.org/@img/sharp-libvips-linux-x64/-/sharp-libvips-linux-x64-1.0.2.tgz. Extracting by manifest.
224 silly tarball no local data for readable-stream@https://registry.npmjs.org/readable-stream/-/readable-stream-4.5.2.tgz. Extracting by manifest.
225 silly tarball no local data for buffer@https://registry.npmjs.org/buffer/-/buffer-6.0.3.tgz. Extracting by manifest.
226 http fetch POST 200 https://registry.npmjs.org/-/npm/v1/security/advisories/bulk 223ms
227 silly audit report {
227 silly audit report   braces: [
227 silly audit report     {
227 silly audit report       id: 1098094,
227 silly audit report       url: 'https://github.com/advisories/GHSA-grv7-fg5c-xmjg',
227 silly audit report       title: 'Uncontrolled resource consumption in braces',
227 silly audit report       severity: 'high',
227 silly audit report       vulnerable_versions: '<3.0.3',
227 silly audit report       cwe: [Array],
227 silly audit report       cvss: [Object]
227 silly audit report     }
227 silly audit report   ]
227 silly audit report }
228 silly packumentCache corgi:https://registry.npmjs.org/braces cache-miss
229 http fetch GET 200 https://registry.npmjs.org/once/-/once-1.4.0.tgz 455ms (cache miss)
230 http fetch GET 200 https://registry.npmjs.org/napi-build-utils/-/napi-build-utils-1.0.2.tgz 455ms (cache miss)
231 http fetch GET 200 https://registry.npmjs.org/mkdirp-classic/-/mkdirp-classic-0.5.3.tgz 456ms (cache miss)
232 http fetch GET 200 https://registry.npmjs.org/to-regex-range/-/to-regex-range-5.0.1.tgz 467ms (cache miss)
233 http fetch GET 200 https://registry.npmjs.org/simple-swizzle/-/simple-swizzle-0.2.2.tgz 462ms (cache miss)
234 http fetch GET 200 https://registry.npmjs.org/real-require/-/real-require-0.2.0.tgz 465ms (cache miss)
235 http fetch GET 200 https://registry.npmjs.org/pump/-/pump-3.0.0.tgz 466ms (cache miss)
236 http fetch GET 200 https://registry.npmjs.org/yallist/-/yallist-4.0.0.tgz 477ms (cache miss)
237 http fetch GET 200 https://registry.npmjs.org/strip-json-comments/-/strip-json-comments-2.0.1.tgz 473ms (cache miss)
238 http fetch GET 200 https://registry.npmjs.org/tunnel-agent/-/tunnel-agent-0.6.0.tgz 476ms (cache miss)
239 http fetch GET 200 https://registry.npmjs.org/normalize-path/-/normalize-path-3.0.0.tgz 467ms (cache miss)
240 http fetch GET 200 https://registry.npmjs.org/on-exit-leak-free/-/on-exit-leak-free-2.1.2.tgz 466ms (cache miss)
241 http fetch GET 200 https://registry.npmjs.org/is-glob/-/is-glob-4.0.3.tgz 466ms (cache miss)
242 http fetch GET 200 https://registry.npmjs.org/is-binary-path/-/is-binary-path-2.1.0.tgz 465ms (cache miss)
243 http fetch GET 200 https://registry.npmjs.org/quick-format-unescaped/-/quick-format-unescaped-4.0.4.tgz 477ms (cache miss)
244 http fetch GET 200 https://registry.npmjs.org/tar-stream/-/tar-stream-2.2.0.tgz 484ms (cache miss)
245 http fetch GET 200 https://registry.npmjs.org/fs-constants/-/fs-constants-1.0.0.tgz 471ms (cache miss)
246 http fetch GET 200 https://registry.npmjs.org/is-number/-/is-number-7.0.0.tgz 474ms (cache miss)
247 http fetch GET 200 https://registry.npmjs.org/node-abi/-/node-abi-3.58.0.tgz 475ms (cache miss)
248 http fetch GET 200 https://registry.npmjs.org/split2/-/split2-4.2.0.tgz 483ms (cache miss)
249 http fetch GET 200 https://registry.npmjs.org/ieee754/-/ieee754-1.2.1.tgz 474ms (cache miss)
250 http fetch GET 200 https://registry.npmjs.org/simple-get/-/simple-get-4.0.1.tgz 482ms (cache miss)
251 http fetch GET 200 https://registry.npmjs.org/wrappy/-/wrappy-1.0.2.tgz 488ms (cache miss)
252 http fetch GET 200 https://registry.npmjs.org/string_decoder/-/string_decoder-1.3.0.tgz 483ms (cache miss)
253 http fetch GET 200 https://registry.npmjs.org/simple-concat/-/simple-concat-1.0.1.tgz 483ms (cache miss)
254 http fetch GET 200 https://registry.npmjs.org/readdirp/-/readdirp-3.6.0.tgz 481ms (cache miss)
255 http fetch GET 200 https://registry.npmjs.org/util-deprecate/-/util-deprecate-1.0.2.tgz 491ms (cache miss)
256 http fetch GET 200 https://registry.npmjs.org/process/-/process-0.11.10.tgz 483ms (cache miss)
257 http fetch GET 200 https://registry.npmjs.org/file-uri-to-path/-/file-uri-to-path-1.0.0.tgz 477ms (cache miss)
258 http fetch GET 200 https://registry.npmjs.org/end-of-stream/-/end-of-stream-1.4.4.tgz 476ms (cache miss)
259 http fetch GET 200 https://registry.npmjs.org/lru-cache/-/lru-cache-6.0.0.tgz 481ms (cache miss)
260 http fetch GET 200 https://registry.npmjs.org/mimic-response/-/mimic-response-3.1.0.tgz 482ms (cache miss)
261 http fetch GET 200 https://registry.npmjs.org/inherits/-/inherits-2.0.4.tgz 481ms (cache miss)
262 http fetch GET 200 https://registry.npmjs.org/safe-buffer/-/safe-buffer-5.2.1.tgz 489ms (cache miss)
263 http fetch GET 200 https://registry.npmjs.org/safe-stable-stringify/-/safe-stable-stringify-2.4.3.tgz 489ms (cache miss)
264 http fetch GET 200 https://registry.npmjs.org/github-from-package/-/github-from-package-0.0.0.tgz 484ms (cache miss)
265 http fetch GET 200 https://registry.npmjs.org/is-extglob/-/is-extglob-2.1.1.tgz 485ms (cache miss)
266 http fetch GET 200 https://registry.npmjs.org/expand-template/-/expand-template-2.0.3.tgz 489ms (cache miss)
267 http fetch GET 200 https://registry.npmjs.org/glob-parent/-/glob-parent-5.1.2.tgz 491ms (cache miss)
268 http fetch GET 200 https://registry.npmjs.org/rc/-/rc-1.2.8.tgz 503ms (cache miss)
269 http fetch GET 200 https://registry.npmjs.org/ini/-/ini-1.3.8.tgz 497ms (cache miss)
270 http fetch GET 200 https://registry.npmjs.org/chownr/-/chownr-1.1.4.tgz 492ms (cache miss)
271 http fetch GET 200 https://registry.npmjs.org/color-name/-/color-name-1.1.4.tgz 495ms (cache miss)
272 http fetch GET 200 https://registry.npmjs.org/decompress-response/-/decompress-response-6.0.0.tgz 497ms (cache miss)
273 http fetch GET 200 https://registry.npmjs.org/fill-range/-/fill-range-7.0.1.tgz 501ms (cache miss)
274 http fetch GET 200 https://registry.npmjs.org/deep-extend/-/deep-extend-0.6.0.tgz 499ms (cache miss)
275 http fetch GET 200 https://registry.npmjs.org/color-string/-/color-string-1.9.1.tgz 499ms (cache miss)
276 http fetch GET 200 https://registry.npmjs.org/bindings/-/bindings-1.5.0.tgz 494ms (cache miss)
277 http fetch GET 200 https://registry.npmjs.org/color/-/color-4.2.3.tgz 494ms (cache miss)
278 http fetch GET 200 https://registry.npmjs.org/is-arrayish/-/is-arrayish-0.3.2.tgz 506ms (cache miss)
279 http fetch GET 200 https://registry.npmjs.org/binary-extensions/-/binary-extensions-2.3.0.tgz 499ms (cache miss)
280 http fetch GET 200 https://registry.npmjs.org/detect-libc/-/detect-libc-2.0.3.tgz 507ms (cache miss)
281 http fetch GET 200 https://registry.npmjs.org/base64-js/-/base64-js-1.5.1.tgz 501ms (cache miss)
282 http fetch GET 200 https://registry.npmjs.org/event-target-shim/-/event-target-shim-5.0.1.tgz 510ms (cache miss)
283 http fetch GET 200 https://registry.npmjs.org/atomic-sleep/-/atomic-sleep-1.0.0.tgz 504ms (cache miss)
284 http fetch GET 200 https://registry.npmjs.org/color-convert/-/color-convert-2.0.1.tgz 514ms (cache miss)
285 http fetch GET 200 https://registry.npmjs.org/anymatch/-/anymatch-3.1.3.tgz 508ms (cache miss)
286 http fetch GET 200 https://registry.npmjs.org/buffer/-/buffer-5.7.1.tgz 516ms (cache miss)
287 http fetch GET 200 https://registry.npmjs.org/buffer/-/buffer-6.0.3.tgz 513ms (cache miss)
288 http fetch GET 200 https://registry.npmjs.org/pino-abstract-transport/-/pino-abstract-transport-1.2.0.tgz 533ms (cache miss)
289 http fetch GET 200 https://registry.npmjs.org/tslib/-/tslib-2.6.2.tgz 540ms (cache miss)
290 http fetch GET 200 https://registry.npmjs.org/process-warning/-/process-warning-3.0.0.tgz 538ms (cache miss)
291 http fetch GET 200 https://registry.npmjs.org/braces 391ms (cache miss)
292 silly packumentCache corgi:https://registry.npmjs.org/braces set size:undefined disposed:false
293 http fetch GET 200 https://registry.npmjs.org/prebuild-install/-/prebuild-install-7.1.2.tgz 547ms (cache miss)
294 http fetch GET 200 https://registry.npmjs.org/pino-std-serializers/-/pino-std-serializers-6.2.2.tgz 552ms (cache miss)
295 http fetch GET 200 https://registry.npmjs.org/bl/-/bl-4.1.0.tgz 541ms (cache miss)
296 http fetch GET 200 https://registry.npmjs.org/chokidar/-/chokidar-3.6.0.tgz 542ms (cache miss)
297 http fetch GET 200 https://registry.npmjs.org/braces/-/braces-3.0.2.tgz 547ms (cache miss)
298 http fetch GET 200 https://registry.npmjs.org/picomatch/-/picomatch-2.3.1.tgz 560ms (cache miss)
299 http fetch GET 200 https://registry.npmjs.org/events/-/events-3.3.0.tgz 559ms (cache miss)
300 http fetch GET 200 https://registry.npmjs.org/sonic-boom/-/sonic-boom-3.8.1.tgz 572ms (cache miss)
301 http fetch GET 200 https://registry.npmjs.org/abort-controller/-/abort-controller-3.0.0.tgz 555ms (cache miss)
302 http fetch GET 200 https://registry.npmjs.org/minimist/-/minimist-1.2.8.tgz 569ms (cache miss)
303 http fetch GET 200 https://registry.npmjs.org/tar-fs/-/tar-fs-2.1.1.tgz 587ms (cache miss)
304 silly packumentCache corgi:https://registry.npmjs.org/chokidar cache-miss
305 http fetch GET 200 https://registry.npmjs.org/fast-redact/-/fast-redact-3.5.0.tgz 586ms (cache miss)
306 http fetch GET 200 https://registry.npmjs.org/readable-stream/-/readable-stream-3.6.2.tgz 610ms (cache miss)
307 http fetch GET 200 https://registry.npmjs.org/@emnapi/runtime/-/runtime-1.1.1.tgz 596ms (cache miss)
308 http fetch GET 200 https://registry.npmjs.org/thread-stream/-/thread-stream-2.7.0.tgz 620ms (cache miss)
309 http fetch GET 200 https://registry.npmjs.org/@img/sharp-linux-x64/-/sharp-linux-x64-0.33.3.tgz 603ms (cache miss)
310 http fetch GET 200 https://registry.npmjs.org/semver/-/semver-7.6.0.tgz 633ms (cache miss)
311 http fetch GET 200 https://registry.npmjs.org/readable-stream/-/readable-stream-4.5.2.tgz 624ms (cache miss)
312 http fetch GET 200 https://registry.npmjs.org/sharp/-/sharp-0.33.3.tgz 649ms (cache miss)
313 http fetch GET 200 https://registry.npmjs.org/chokidar 173ms (cache miss)
314 silly packumentCache corgi:https://registry.npmjs.org/chokidar set size:undefined disposed:false
315 http fetch GET 200 https://registry.npmjs.org/@img/sharp-linuxmusl-x64/-/sharp-linuxmusl-x64-0.33.3.tgz 774ms (cache miss)
316 http fetch GET 200 https://registry.npmjs.org/pino/-/pino-9.0.0.tgz 832ms (cache miss)
317 http fetch GET 200 https://registry.npmjs.org/better-sqlite3/-/better-sqlite3-9.5.0.tgz 1054ms (cache miss)
318 http fetch GET 200 https://registry.npmjs.org/drizzle-orm/-/drizzle-orm-0.30.8.tgz 1313ms (cache miss)
319 http fetch GET 200 https://registry.npmjs.org/@img/sharp-libvips-linuxmusl-x64/-/sharp-libvips-linuxmusl-x64-1.0.2.tgz 1357ms (cache miss)
320 http fetch GET 200 https://registry.npmjs.org/@img/sharp-libvips-linux-x64/-/sharp-libvips-linux-x64-1.0.2.tgz 1504ms (cache miss)
321 info run better-sqlite3@9.5.0 install node_modules/better-sqlite3 prebuild-install || node-gyp rebuild --release
322 info run sharp@0.33.3 install node_modules/sharp node install/check
323 info run sharp@0.33.3 install { code: 0, signal: null }
324 info run better-sqlite3@9.5.0 install { code: 1, signal: null }
325 verbose stack Error: command failed
325 verbose stack     at promiseSpawn (/usr/lib/node_modules/npm/node_modules/@npmcli/promise-spawn/lib/index.js:22:22)
325 verbose stack     at spawnWithShell (/usr/lib/node_modules/npm/node_modules/@npmcli/promise-spawn/lib/index.js:124:10)
325 verbose stack     at promiseSpawn (/usr/lib/node_modules/npm/node_modules/@npmcli/promise-spawn/lib/index.js:12:12)
325 verbose stack     at runScriptPkg (/usr/lib/node_modules/npm/node_modules/@npmcli/run-script/lib/run-script-pkg.js:77:13)
325 verbose stack     at runScript (/usr/lib/node_modules/npm/node_modules/@npmcli/run-script/lib/run-script.js:9:12)
325 verbose stack     at /usr/lib/node_modules/npm/node_modules/@npmcli/arborist/lib/arborist/rebuild.js:329:17
325 verbose stack     at run (/usr/lib/node_modules/npm/node_modules/promise-call-limit/dist/commonjs/index.js:67:22)
325 verbose stack     at /usr/lib/node_modules/npm/node_modules/promise-call-limit/dist/commonjs/index.js:84:9
325 verbose stack     at new Promise (<anonymous>)
325 verbose stack     at callLimit (/usr/lib/node_modules/npm/node_modules/promise-call-limit/dist/commonjs/index.js:35:69)
326 verbose pkgid better-sqlite3@9.5.0
327 error code 1
328 error path /home/tk/.cache/yay/waypaper-engine/src/Waypaper-Engine-2.0.3/daemon/node_modules/better-sqlite3
329 error command failed
330 error command sh -c prebuild-install || node-gyp rebuild --release
331 error make: Entering directory '/home/tk/.cache/yay/waypaper-engine/src/Waypaper-Engine-2.0.3/daemon/node_modules/better-sqlite3/build'
331 error   TOUCH ba23eeee118cd63e16015df367567cb043fed872.intermediate
331 error   ACTION deps_sqlite3_gyp_locate_sqlite3_target_copy_builtin_sqlite3 ba23eeee118cd63e16015df367567cb043fed872.intermediate
331 error   TOUCH Release/obj.target/deps/locate_sqlite3.stamp
331 error   CC(target) Release/obj.target/sqlite3/gen/sqlite3/sqlite3.o
331 error rm -f Release/obj.target/deps/sqlite3.a Release/obj.target/deps/sqlite3.a.ar-file-list; mkdir -p `dirname Release/obj.target/deps/sqlite3.a`
331 error ar crs Release/obj.target/deps/sqlite3.a @Release/obj.target/deps/sqlite3.a.ar-file-list
331 error   COPY Release/sqlite3.a
331 error   CXX(target) Release/obj.target/better_sqlite3/src/better_sqlite3.o
331 error rm ba23eeee118cd63e16015df367567cb043fed872.intermediate
331 error make: Leaving directory '/home/tk/.cache/yay/waypaper-engine/src/Waypaper-Engine-2.0.3/daemon/node_modules/better-sqlite3/build'
332 error prebuild-install warn install No prebuilt binaries found (target=23.4.0 runtime=node arch=x64 libc= platform=linux)
332 error gyp info it worked if it ends with ok
332 error gyp info using node-gyp@11.0.0
332 error gyp info using node@23.4.0 | linux | x64
332 error gyp info find Python using Python version 3.13.1 found at "/usr/bin/python3"
332 error gyp http GET https://nodejs.org/download/release/v23.4.0/node-v23.4.0-headers.tar.gz
332 error gyp http 200 https://nodejs.org/download/release/v23.4.0/node-v23.4.0-headers.tar.gz
332 error gyp http GET https://nodejs.org/download/release/v23.4.0/SHASUMS256.txt
332 error gyp http 200 https://nodejs.org/download/release/v23.4.0/SHASUMS256.txt
332 error gyp info spawn /usr/bin/python3
332 error gyp info spawn args [
332 error gyp info spawn args '/usr/lib/node_modules/node-gyp/gyp/gyp_main.py',
332 error gyp info spawn args 'binding.gyp',
332 error gyp info spawn args '-f',
332 error gyp info spawn args 'make',
332 error gyp info spawn args '-I',
332 error gyp info spawn args '/home/tk/.cache/yay/waypaper-engine/src/Waypaper-Engine-2.0.3/daemon/node_modules/better-sqlite3/build/config.gypi',
332 error gyp info spawn args '-I',
332 error gyp info spawn args '/usr/lib/node_modules/node-gyp/addon.gypi',
332 error gyp info spawn args '-I',
332 error gyp info spawn args '/home/tk/.cache/node-gyp/23.4.0/include/node/common.gypi',
332 error gyp info spawn args '-Dlibrary=shared_library',
332 error gyp info spawn args '-Dvisibility=default',
332 error gyp info spawn args '-Dnode_root_dir=/home/tk/.cache/node-gyp/23.4.0',
332 error gyp info spawn args '-Dnode_gyp_dir=/usr/lib/node_modules/node-gyp',
332 error gyp info spawn args '-Dnode_lib_file=/home/tk/.cache/node-gyp/23.4.0/<(target_arch)/node.lib',
332 error gyp info spawn args '-Dmodule_root_dir=/home/tk/.cache/yay/waypaper-engine/src/Waypaper-Engine-2.0.3/daemon/node_modules/better-sqlite3',
332 error gyp info spawn args '-Dnode_engine=v8',
332 error gyp info spawn args '--depth=.',
332 error gyp info spawn args '--no-parallel',
332 error gyp info spawn args '--generator-output',
332 error gyp info spawn args 'build',
332 error gyp info spawn args '-Goutput_dir=.'
332 error gyp info spawn args ]
332 error gyp info spawn make
332 error gyp info spawn args [ 'BUILDTYPE=Release', '-C', 'build' ]
332 error In file included from /home/tk/.cache/node-gyp/23.4.0/include/node/cppgc/common.h:8,
332 error                  from /home/tk/.cache/node-gyp/23.4.0/include/node/v8.h:23,
332 error                  from /home/tk/.cache/node-gyp/23.4.0/include/node/node.h:73,
332 error                  from ./src/better_sqlite3.lzz:11,
332 error                  from ../src/better_sqlite3.cpp:4:
332 error /home/tk/.cache/node-gyp/23.4.0/include/node/v8config.h:13:2: error: #error "C++20 or later required."
332 error    13 | #error "C++20 or later required."
332 error       |  ^~~~~
332 error ./src/util/macros.lzz:31:69: error: ‘CopyablePersistentTraits’ is not a member of ‘v8’; did you mean ‘NonCopyablePersistentTraits’?
332 error ./src/util/macros.lzz:31:94: error: template argument 2 is invalid
332 error ./src/util/macros.lzz:149:2: error: ‘v8::AccessorGetterCallback’ has not been declared
332 error ./src/util/macros.lzz:33:97: error: ‘CopyablePersistent’ has not been declared
332 error ./src/util/macros.lzz:33:116: error: expected ‘,’ or ‘...’ before ‘<’ token
332 error ./src/util/constants.lzz:119:3: error: ‘CopyablePersistent’ does not name a type
332 error ./src/util/constants.lzz:120:3: error: ‘CopyablePersistent’ does not name a type
332 error ./src/util/constants.lzz:121:3: error: ‘CopyablePersistent’ does not name a type
332 error ./src/util/constants.lzz:122:3: error: ‘CopyablePersistent’ does not name a type
332 error ./src/util/constants.lzz:123:3: error: ‘CopyablePersistent’ does not name a type
332 error ./src/util/constants.lzz:124:3: error: ‘CopyablePersistent’ does not name a type
332 error ./src/util/constants.lzz:125:3: error: ‘CopyablePersistent’ does not name a type
332 error ./src/util/constants.lzz:126:3: error: ‘CopyablePersistent’ does not name a type
332 error ./src/util/constants.lzz:127:3: error: ‘CopyablePersistent’ does not name a type
332 error ./src/util/constants.lzz:128:3: error: ‘CopyablePersistent’ does not name a type
332 error ./src/util/constants.lzz:129:3: error: ‘CopyablePersistent’ does not name a type
332 error ./src/util/constants.lzz:130:3: error: ‘CopyablePersistent’ does not name a type
332 error ./src/util/constants.lzz:131:3: error: ‘CopyablePersistent’ does not name a type
332 error ./src/util/constants.lzz:132:3: error: ‘CopyablePersistent’ does not name a type
332 error ./src/util/constants.lzz:133:3: error: ‘CopyablePersistent’ does not name a type
332 error ./src/util/constants.lzz:134:3: error: ‘CopyablePersistent’ does not name a type
332 error ./src/util/constants.lzz:135:3: error: ‘CopyablePersistent’ does not name a type
332 error ./src/util/constants.lzz:136:3: error: ‘CopyablePersistent’ does not name a type
332 error ./src/util/constants.lzz:140:49: error: ‘CopyablePersistent’ has not been declared
332 error ./src/util/constants.lzz:140:68: error: expected ‘,’ or ‘...’ before ‘<’ token
332 error ./src/util/constants.lzz:150:28: error: ‘CopyablePersistent’ was not declared in this scope
332 error ./src/util/constants.lzz:150:57: error: template argument 2 is invalid
332 error ./src/util/constants.lzz:150:57: error: template argument 5 is invalid
332 error ./src/util/constants.lzz:150:59: error: expected unqualified-id before ‘>’ token
332 error ./src/util/bind-map.lzz:25:5: error: ‘CopyablePersistent’ does not name a type
332 error ./src/objects/database.lzz:465:3: error: ‘CopyablePersistent’ does not name a type
332 error ./src/util/custom-function.lzz:57:3: error: ‘CopyablePersistent’ does not name a type
332 error ./src/util/custom-aggregate.lzz:39:90: error: ‘CopyablePersistent’ has not been declared
332 error ./src/util/custom-aggregate.lzz:39:109: error: expected ‘,’ or ‘...’ before ‘<’ token
332 error ./src/util/custom-aggregate.lzz:83:5: error: ‘CopyablePersistent’ does not name a type
332 error ./src/util/custom-aggregate.lzz:118:3: error: ‘CopyablePersistent’ does not name a type
332 error ./src/util/custom-aggregate.lzz:119:3: error: ‘CopyablePersistent’ does not name a type
332 error ./src/util/custom-aggregate.lzz:120:3: error: ‘CopyablePersistent’ does not name a type
332 error ./src/util/custom-table.lzz:104:5: error: ‘CopyablePersistent’ does not name a type
332 error ./src/util/custom-table.lzz:123:5: error: ‘CopyablePersistent’ does not name a type
332 error ./src/util/custom-table.lzz:124:5: error: ‘CopyablePersistent’ does not name a type
332 error ./src/util/custom-table.lzz:125:5: error: ‘CopyablePersistent’ does not name a type
332 error ./src/util/custom-table.lzz:403:3: error: ‘CopyablePersistent’ does not name a type
332 error ./src/better_sqlite3.lzz:56:3: error: ‘CopyablePersistent’ does not name a type
332 error ./src/better_sqlite3.lzz:57:3: error: ‘CopyablePersistent’ does not name a type
332 error ./src/better_sqlite3.lzz:58:3: error: ‘CopyablePersistent’ does not name a type
332 error ./src/better_sqlite3.lzz:59:3: error: ‘CopyablePersistent’ does not name a type
332 error ./src/util/macros.lzz:33:108: error: ‘CopyablePersistent’ has not been declared
332 error ./src/util/macros.lzz:33:127: error: expected ‘,’ or ‘...’ before ‘<’ token
332 error ./src/util/macros.lzz: In function ‘void SetFrozen(v8::Isolate*, v8::Local<v8::Context>, v8::Local<v8::Object>, int)’:
332 error ./src/util/macros.lzz:34:37: error: ‘key’ was not declared in this scope; did you mean ‘key_t’?
332 error ./src/util/macros.lzz:34:55: error: ‘value’ was not declared in this scope
332 error ./src/util/bind-map.lzz: In member function ‘v8::Local<v8::String> BindMap::Pair::GetName(v8::Isolate*)’:
332 error ./src/util/bind-map.lzz:14:40: error: ‘name’ was not declared in this scope; did you mean ‘tzname’?
332 error ./src/objects/statement-iterator.lzz: In static member function ‘static v8::Local<v8::Object> StatementIterator::NewRecord(v8::Isolate*, v8::Local<v8::Context>, v8::Local<v8::Value>, Addon*, bool)’:
332 error ./src/objects/statement-iterator.lzz:121:44: error: ‘class CS’ has no member named ‘value’
332 error ./src/objects/statement-iterator.lzz:122:44: error: ‘class CS’ has no member named ‘done’
332 error ./src/util/custom-aggregate.lzz: At global scope:
332 error ./src/util/custom-aggregate.lzz:39:109: error: ‘CopyablePersistent’ has not been declared
332 error ./src/util/custom-aggregate.lzz:39:128: error: expected ‘,’ or ‘...’ before ‘<’ token
332 error ./src/util/custom-aggregate.lzz: In static member function ‘static void CustomAggregate::xStepBase(sqlite3_context*, int, sqlite3_value**, int)’:
332 error ./src/util/custom-aggregate.lzz:40:269: error: ‘struct CustomAggregate::Accumulator’ has no member named ‘value’
332 error ./src/util/custom-aggregate.lzz:44:32: error: ‘struct CustomAggregate::Accumulator’ has no member named ‘value’
332 error ./src/util/custom-aggregate.lzz:47:70: error: ‘ptrtm’ was not declared in this scope
332 error ./src/util/custom-aggregate.lzz:54:63: error: ‘struct CustomAggregate::Accumulator’ has no member named ‘value’
332 error ./src/util/custom-aggregate.lzz: In static member function ‘static void CustomAggregate::xValueBase(sqlite3_context*, bool)’:
332 error ./src/util/custom-aggregate.lzz:59:269: error: ‘struct CustomAggregate::Accumulator’ has no member named ‘value’
332 error ./src/util/custom-aggregate.lzz:68:52: error: ‘struct CustomAggregate::Accumulator’ has no member named ‘value’
332 error ./src/util/custom-aggregate.lzz:70:71: error: ‘class CustomAggregate’ has no member named ‘result’
332 error ./src/util/macros.lzz: At global scope:
332 error ./src/util/macros.lzz:158:2: error: ‘v8::AccessorGetterCallback’ has not been declared
332 error ./src/util/macros.lzz: In function ‘void SetPrototypeGetter(v8::Isolate*, v8::Local<v8::External>, v8::Local<v8::FunctionTemplate>, const char*, int)’:
332 error ./src/util/macros.lzz:172:28: error: ‘class v8::ObjectTemplate’ has no member named ‘SetAccessor’
332 error ./src/better_sqlite3.lzz: At global scope:
332 error /home/tk/.cache/node-gyp/23.4.0/include/node/node.h:1246:7: warning: cast between incompatible function types from ‘void (*)(v8::Local<v8::Object>, v8::Local<v8::Value>, v8::Local<v8::Context>)’ to ‘node::addon_context_register_func’ {aka ‘void (*)(v8::Local<v8::Object>, v8::Local<v8::Value>, v8::Local<v8::Context>, void*)’} [-Wcast-function-type]
332 error  1246 |       (node::addon_context_register_func) (regfunc),                  \
332 error       |       ^~~~~~~~~~~~~~~~~~~~~~~~~~~~~~~~~~~~~~~~~~~~~
332 error /home/tk/.cache/node-gyp/23.4.0/include/node/node.h:1264:3: note: in expansion of macro ‘NODE_MODULE_CONTEXT_AWARE_X’
332 error  1264 |   NODE_MODULE_CONTEXT_AWARE_X(modname, regfunc, NULL, 0)
332 error       |   ^~~~~~~~~~~~~~~~~~~~~~~~~~~
332 error /home/tk/.cache/node-gyp/23.4.0/include/node/node.h:1295:3: note: in expansion of macro ‘NODE_MODULE_CONTEXT_AWARE’
332 error  1295 |   NODE_MODULE_CONTEXT_AWARE(NODE_GYP_MODULE_NAME,                     \
332 error       |   ^~~~~~~~~~~~~~~~~~~~~~~~~
332 error ./src/better_sqlite3.lzz:67:1: note: in expansion of macro ‘NODE_MODULE_INIT’
332 error ./src/better_sqlite3.lzz: In function ‘void node_register_module_v131(v8::Local<v8::Object>, v8::Local<v8::Value>, v8::Local<v8::Context>)’:
332 error ./src/better_sqlite3.lzz:84:9: error: ‘struct Addon’ has no member named ‘Statement’
332 error ./src/better_sqlite3.lzz:85:9: error: ‘struct Addon’ has no member named ‘StatementIterator’
332 error ./src/better_sqlite3.lzz:86:9: error: ‘struct Addon’ has no member named ‘Backup’
332 error ./src/util/constants.lzz: In member function ‘v8::Local<v8::String> CS::Code(v8::Isolate*, int)’:
332 error ./src/util/constants.lzz:5:32: error: ‘codes’ was not declared in this scope; did you mean ‘code’?
332 error ./src/util/constants.lzz: In constructor ‘CS::CS(v8::Isolate*)’:
332 error ./src/util/constants.lzz:11:36: error: ‘database’ was not declared in this scope; did you mean ‘Database’?
332 error ./src/util/constants.lzz:12:36: error: ‘reader’ was not declared in this scope; did you mean ‘read’?
332 error ./src/util/constants.lzz:13:36: error: ‘source’ was not declared in this scope
332 error ./src/util/constants.lzz:14:36: error: ‘memory’ was not declared in this scope; did you mean ‘memcpy’?
332 error ./src/util/constants.lzz:15:36: error: ‘readonly’ was not declared in this scope
332 error ./src/util/constants.lzz:16:36: error: ‘name’ was not declared in this scope; did you mean ‘tzname’?
332 error ./src/util/constants.lzz:17:36: error: ‘next’ was not declared in this scope; did you mean ‘std::next’?
332 error In file included from /usr/include/c++/14.2.1/string:47,
332 error                  from ./src/better_sqlite3.lzz:5:
332 error /usr/include/c++/14.2.1/bits/stl_iterator_base_funcs.h:232:5: note: ‘std::next’ declared here
332 error   232 |     next(_InputIterator __x, typename
332 error       |     ^~~~
332 error ./src/util/constants.lzz:18:36: error: ‘length’ was not declared in this scope
332 error ./src/util/constants.lzz:19:36: error: ‘done’ was not declared in this scope
332 error ./src/util/constants.lzz:20:36: error: ‘value’ was not declared in this scope
332 error ./src/util/constants.lzz:21:36: error: ‘changes’ was not declared in this scope
332 error ./src/util/constants.lzz:22:36: error: ‘lastInsertRowid’ was not declared in this scope
332 error ./src/util/constants.lzz:23:36: error: ‘statement’ was not declared in this scope; did you mean ‘Statement’?
332 error ./src/util/constants.lzz:24:36: error: ‘column’ was not declared in this scope
332 error ./src/util/constants.lzz:25:36: error: ‘table’ was not declared in this scope
332 error ./src/util/constants.lzz:26:36: error: ‘type’ was not declared in this scope; did you mean ‘wctype’?
332 error ./src/util/constants.lzz:27:36: error: ‘totalPages’ was not declared in this scope
332 error ./src/util/constants.lzz:28:36: error: ‘remainingPages’ was not declared in this scope
332 error ./src/util/constants.lzz: At global scope:
332 error ./src/util/constants.lzz:140:44: error: ‘CopyablePersistent’ has not been declared
332 error ./src/util/constants.lzz:140:63: error: expected ‘,’ or ‘...’ before ‘<’ token
332 error ./src/util/constants.lzz: In static member function ‘static void CS::SetString(v8::Isolate*, int)’:
332 error ./src/util/constants.lzz:141:17: error: ‘constant’ was not declared in this scope; did you mean ‘const’?
332 error ./src/util/constants.lzz:141:73: error: ‘str’ was not declared in this scope; did you mean ‘std’?
332 error ./src/util/constants.lzz: In member function ‘void CS::SetCode(v8::Isolate*, int, const char*)’:
332 error ./src/util/constants.lzz:145:17: error: ‘codes’ was not declared in this scope; did you mean ‘code’?
332 error ./src/util/bind-map.lzz: In constructor ‘BindMap::Pair::Pair(v8::Isolate*, const char*, int)’:
332 error ./src/util/bind-map.lzz:20:5: error: class ‘BindMap::Pair’ does not have any field named ‘name’
332 error ./src/util/bind-map.lzz: In constructor ‘BindMap::Pair::Pair(v8::Isolate*, BindMap::Pair*)’:
332 error ./src/util/bind-map.lzz:23:5: error: class ‘BindMap::Pair’ does not have any field named ‘name’
332 error ./src/util/bind-map.lzz:23:26: error: ‘class BindMap::Pair’ has no member named ‘name’
332 error ./src/objects/database.lzz: In static member function ‘static v8::Local<v8::Function> Database::Init(v8::Isolate*, v8::Local<v8::External>)’:
332 error ./src/objects/database.lzz:17:35: error: invalid conversion from ‘void (*)(v8::Local<v8::String>, const v8::PropertyCallbackInfo<v8::Value>&)’ to ‘int’ [-fpermissive]
332 error ./src/util/macros.lzz:158:29: note:   initializing argument 5 of ‘void SetPrototypeGetter(v8::Isolate*, v8::Local<v8::External>, v8::Local<v8::FunctionTemplate>, const char*, int)’
332 error ./src/objects/database.lzz:18:35: error: invalid conversion from ‘void (*)(v8::Local<v8::String>, const v8::PropertyCallbackInfo<v8::Value>&)’ to ‘int’ [-fpermissive]
332 error ./src/util/macros.lzz:158:29: note:   initializing argument 5 of ‘void SetPrototypeGetter(v8::Isolate*, v8::Local<v8::External>, v8::Local<v8::FunctionTemplate>, const char*, int)’
332 error ./src/objects/database.lzz: In static member function ‘static void Database::ThrowSqliteError(Addon*, const char*, int)’:
332 error ./src/objects/database.lzz:58:48: error: ‘struct Addon’ has no member named ‘SqliteError’
332 error ./src/objects/database.lzz: In member function ‘bool Database::Log(v8::Isolate*, sqlite3_stmt*)’:
332 error ./src/objects/database.lzz:69:32: error: ‘logger’ was not declared in this scope
332 error ./src/objects/database.lzz:69:67: error: expected primary-expression before ‘>’ token
332 error ./src/objects/database.lzz:69:69: error: expected primary-expression before ‘)’ token
332 error ./src/objects/database.lzz: In constructor ‘Database::Database(v8::Isolate*, Addon*, sqlite3*, v8::Local<v8::Value>)’:
332 error ./src/objects/database.lzz:131:203: error: class ‘Database’ does not have any field named ‘logger’
332 error ./src/objects/database.lzz: In static member function ‘static void Database::JS_new(const v8::FunctionCallbackInfo<v8::Value>&)’:
332 error ./src/objects/database.lzz:194:64: error: ‘class CS’ has no member named ‘memory’
332 error ./src/objects/database.lzz:195:64: error: ‘class CS’ has no member named ‘readonly’
332 error ./src/objects/database.lzz:196:64: error: ‘class CS’ has no member named ‘name’
332 error ./src/objects/database.lzz: In static member function ‘static void Database::JS_prepare(const v8::FunctionCallbackInfo<v8::Value>&)’:
332 error ./src/objects/database.lzz:210:52: error: ‘struct Addon’ has no member named ‘Statement’
332 error ./src/objects/database.lzz: In static member function ‘static void Database::JS_backup(const v8::FunctionCallbackInfo<v8::Value>&)’:
332 error ./src/objects/database.lzz:268:52: error: ‘struct Addon’ has no member named ‘Backup’
332 error ./src/objects/statement.lzz: In static member function ‘static v8::Local<v8::Function> Statement::Init(v8::Isolate*, v8::Local<v8::External>)’:
332 error ./src/objects/statement.lzz:16:35: error: invalid conversion from ‘void (*)(v8::Local<v8::String>, const v8::PropertyCallbackInfo<v8::Value>&)’ to ‘int’ [-fpermissive]
332 error ./src/util/macros.lzz:158:29: note:   initializing argument 5 of ‘void SetPrototypeGetter(v8::Isolate*, v8::Local<v8::External>, v8::Local<v8::FunctionTemplate>, const char*, int)’
332 error ./src/objects/statement.lzz: In static member function ‘static void Statement::JS_new(const v8::FunctionCallbackInfo<v8::Value>&)’:
332 error ./src/objects/statement.lzz:148:64: error: ‘class CS’ has no member named ‘reader’
332 error ./src/objects/statement.lzz:149:64: error: ‘class CS’ has no member named ‘readonly’
332 error ./src/objects/statement.lzz:150:64: error: ‘class CS’ has no member named ‘source’
332 error ./src/objects/statement.lzz:151:64: error: ‘class CS’ has no member named ‘database’
332 error ./src/objects/statement.lzz: In static member function ‘static void Statement::JS_run(const v8::FunctionCallbackInfo<v8::Value>&)’:
332 error ./src/objects/statement.lzz:168:52: error: ‘class CS’ has no member named ‘changes’
332 error ./src/objects/statement.lzz:169:52: error: ‘class CS’ has no member named ‘lastInsertRowid’
332 error ./src/objects/statement.lzz: In static member function ‘static void Statement::JS_iterate(const v8::FunctionCallbackInfo<v8::Value>&)’:
332 error ./src/objects/statement.lzz:218:52: error: ‘struct Addon’ has no member named ‘StatementIterator’
332 error ./src/objects/statement.lzz: In static member function ‘static void Statement::JS_columns(const v8::FunctionCallbackInfo<v8::Value>&)’:
332 error ./src/objects/statement.lzz:290:56: error: ‘class CS’ has no member named ‘name’
332 error ./src/objects/statement.lzz:291:62: error: ‘class CS’ has no member named ‘column’
332 error ./src/objects/statement.lzz:292:61: error: ‘class CS’ has no member named ‘table’
332 error ./src/objects/statement.lzz:293:64: error: ‘class CS’ has no member named ‘database’
332 error ./src/objects/statement.lzz:294:60: error: ‘class CS’ has no member named ‘type’
332 error ./src/objects/statement-iterator.lzz: In static member function ‘static void StatementIterator::JS_new(const v8::FunctionCallbackInfo<v8::Value>&)’:
332 error ./src/objects/statement-iterator.lzz:52:64: error: ‘class CS’ has no member named ‘statement’
332 error ./src/objects/backup.lzz: In static member function ‘static void Backup::JS_new(const v8::FunctionCallbackInfo<v8::Value>&)’:
332 error ./src/objects/backup.lzz:93:94: error: ‘class CS’ has no member named ‘database’
332 error ./src/objects/backup.lzz: In static member function ‘static void Backup::JS_transfer(const v8::FunctionCallbackInfo<v8::Value>&)’:
332 error ./src/objects/backup.lzz:115:52: error: ‘class CS’ has no member named ‘totalPages’
332 error ./src/objects/backup.lzz:116:52: error: ‘class CS’ has no member named ‘remainingPages’
332 error ./src/util/custom-function.lzz: In constructor ‘CustomFunction::CustomFunction(v8::Isolate*, Database*, const char*, v8::Local<v8::Function>, bool)’:
332 error ./src/util/custom-function.lzz:10:46: error: class ‘CustomFunction’ does not have any field named ‘fn’
332 error ./src/util/custom-function.lzz: In static member function ‘static void CustomFunction::xFunc(sqlite3_context*, int, sqlite3_value**)’:
332 error ./src/util/custom-function.lzz:33:68: error: ‘class CustomFunction’ has no member named ‘fn’
332 error ./src/util/custom-aggregate.lzz: In constructor ‘CustomAggregate::CustomAggregate(v8::Isolate*, Database*, const char*, v8::Local<v8::Value>, v8::Local<v8::Function>, v8::Local<v8::Value>, v8::Local<v8::Value>, bool)’:
332 error ./src/util/custom-aggregate.lzz:13:132: error: class ‘CustomAggregate’ does not have any field named ‘inverse’
332 error ./src/util/custom-aggregate.lzz:13:231: error: class ‘CustomAggregate’ does not have any field named ‘result’
332 error ./src/util/custom-aggregate.lzz:13:327: error: class ‘CustomAggregate’ does not have any field named ‘start’
332 error ./src/util/custom-aggregate.lzz: In static member function ‘static void CustomAggregate::xStep(sqlite3_context*, int, sqlite3_value**)’:
332 error ./src/util/custom-aggregate.lzz:22:69: error: ‘fn’ is not a member of ‘CustomAggregate’
332 error ./src/util/custom-aggregate.lzz: In static member function ‘static void CustomAggregate::xInverse(sqlite3_context*, int, sqlite3_value**)’:
332 error ./src/util/custom-aggregate.lzz:26:69: error: ‘inverse’ is not a member of ‘CustomAggregate’
332 error ./src/util/custom-aggregate.lzz: In member function ‘CustomAggregate::Accumulator* CustomAggregate::GetAccumulator(sqlite3_context*)’:
332 error ./src/util/custom-aggregate.lzz:94:71: error: ‘start’ was not declared in this scope
332 error ./src/util/custom-aggregate.lzz:94:105: error: expected primary-expression before ‘>’ token
332 error ./src/util/custom-aggregate.lzz:94:107: error: expected primary-expression before ‘)’ token
332 error ./src/util/custom-aggregate.lzz:96:43: error: ‘struct CustomAggregate::Accumulator’ has no member named ‘value’
332 error ./src/util/custom-aggregate.lzz:99:38: error: ‘struct CustomAggregate::Accumulator’ has no member named ‘value’
332 error ./src/util/custom-aggregate.lzz:99:59: error: ‘start’ was not declared in this scope
332 error ./src/util/custom-aggregate.lzz: In static member function ‘static void CustomAggregate::DestroyAccumulator(sqlite3_context*)’:
332 error ./src/util/custom-aggregate.lzz:108:22: error: ‘struct CustomAggregate::Accumulator’ has no member named ‘value’
332 error ./src/util/custom-table.lzz: In constructor ‘CustomTable::CustomTable(v8::Isolate*, Database*, const char*, v8::Local<v8::Function>)’:
332 error ./src/util/custom-table.lzz:9:70: error: class ‘CustomTable’ does not have any field named ‘factory’
332 error ./src/util/custom-table.lzz: At global scope:
332 error ./src/util/custom-table.lzz:45:9: warning: missing initializer for member ‘sqlite3_module::xIntegrity’ [-Wmissing-field-initializers]
332 error ./src/util/custom-table.lzz:72:9: warning: missing initializer for member ‘sqlite3_module::xIntegrity’ [-Wmissing-field-initializers]
332 error ./src/util/custom-table.lzz: In constructor ‘CustomTable::VTab::VTab(CustomTable*, v8::Local<v8::Function>, std::vector<std::__cxx11::basic_string<char> >, bool)’:
332 error ./src/util/custom-table.lzz:83:87: error: class ‘CustomTable::VTab’ does not have any field named ‘generator’
332 error ./src/util/custom-table.lzz: In static member function ‘static int CustomTable::xConnect(sqlite3*, void*, int, const char* const*, sqlite3_vtab**, char**)’:
332 error ./src/util/custom-table.lzz:168:68: error: ‘class CustomTable’ has no member named ‘factory’
332 error ./src/util/custom-table.lzz: In static member function ‘static int CustomTable::xFilter(sqlite3_vtab_cursor*, int, const char*, int, sqlite3_value**)’:
332 error ./src/util/custom-table.lzz:263:65: error: ‘class CustomTable::VTab’ has no member named ‘generator’
332 error ./src/util/custom-table.lzz:273:77: error: ‘class CS’ has no member named ‘next’
332 error ./src/util/custom-table.lzz:273:128: error: expected primary-expression before ‘>’ token
332 error ./src/util/custom-table.lzz:273:130: error: expected primary-expression before ‘)’ token
332 error ./src/util/custom-table.lzz:274:25: error: ‘class CustomTable::Cursor’ has no member named ‘iterator’
332 error ./src/util/custom-table.lzz:275:25: error: ‘class CustomTable::Cursor’ has no member named ‘next’
332 error ./src/util/custom-table.lzz: In static member function ‘static int CustomTable::xNext(sqlite3_vtab_cursor*)’:
332 error ./src/util/custom-table.lzz:292:58: error: ‘class CustomTable::Cursor’ has no member named ‘iterator’
332 error ./src/util/custom-table.lzz:293:56: error: ‘class CustomTable::Cursor’ has no member named ‘next’
332 error ./src/util/custom-table.lzz:302:56: error: ‘class CS’ has no member named ‘done’
332 error ./src/util/custom-table.lzz:302:106: error: expected primary-expression before ‘>’ token
332 error ./src/util/custom-table.lzz:302:108: error: expected primary-expression before ‘)’ token
332 error ./src/util/custom-table.lzz:304:33: error: ‘class CustomTable::Cursor’ has no member named ‘row’; did you mean ‘rowid’?
332 error ./src/util/custom-table.lzz:304:79: error: ‘class CS’ has no member named ‘value’
332 error ./src/util/custom-table.lzz:304:128: error: expected primary-expression before ‘>’ token
332 error ./src/util/custom-table.lzz:304:130: error: expected primary-expression before ‘)’ token
332 error ./src/util/custom-table.lzz: In static member function ‘static int CustomTable::xColumn(sqlite3_vtab_cursor*, sqlite3_context*, int)’:
332 error ./src/util/custom-table.lzz:325:52: error: ‘class CustomTable::Cursor’ has no member named ‘row’; did you mean ‘rowid’?
332 error ./src/better_sqlite3.lzz: In static member function ‘static void Addon::JS_setErrorConstructor(const v8::FunctionCallbackInfo<v8::Value>&)’:
332 error ./src/better_sqlite3.lzz:37:104: error: ‘struct Addon’ has no member named ‘SqliteError’
332 error ./src/util/data.lzz: In function ‘v8::Local<v8::Value> Data::GetValueJS(v8::Isolate*, sqlite3_stmt*, int, bool)’:
332 error ./src/util/data.lzz:73:92: warning: this statement may fall through [-Wimplicit-fallthrough=]
332 error ./src/util/data.lzz:73:197: note: here
332 error ./src/util/data.lzz: In function ‘v8::Local<v8::Value> Data::GetValueJS(v8::Isolate*, sqlite3_value*, bool)’:
332 error ./src/util/data.lzz:77:81: warning: this statement may fall through [-Wimplicit-fallthrough=]
332 error ./src/util/data.lzz:77:175: note: here
332 error make: *** [better_sqlite3.target.mk:118: Release/obj.target/better_sqlite3/src/better_sqlite3.o] Error 1
332 error gyp ERR! build error 
332 error gyp ERR! stack Error: `make` failed with exit code: 2
332 error gyp ERR! stack at ChildProcess.<anonymous> (/usr/lib/node_modules/node-gyp/lib/build.js:216:23)
332 error gyp ERR! System Linux 6.12.6-arch1-1
332 error gyp ERR! command "/usr/bin/node" "/usr/lib/node_modules/node-gyp/bin/node-gyp.js" "rebuild" "--release"
332 error gyp ERR! cwd /home/tk/.cache/yay/waypaper-engine/src/Waypaper-Engine-2.0.3/daemon/node_modules/better-sqlite3
332 error gyp ERR! node -v v23.4.0
332 error gyp ERR! node-gyp -v v11.0.0
332 error gyp ERR! not ok
333 silly unfinished npm timer reify 1734830577918
334 silly unfinished npm timer reify:build 1734830579576
335 silly unfinished npm timer build 1734830579576
336 silly unfinished npm timer build:deps 1734830579576
337 silly unfinished npm timer build:run:install 1734830579583
338 silly unfinished npm timer build:run:install:node_modules/better-sqlite3 1734830579583
339 verbose cwd /home/tk/.cache/yay/waypaper-engine/src/Waypaper-Engine-2.0.3/daemon
340 verbose os Linux 6.12.6-arch1-1
341 verbose node v23.4.0
342 verbose npm  v10.9.2
343 verbose exit 1
344 verbose code 1
345 error A complete log of this run can be found in: /home/tk/.npm/_logs/2024-12-22T01_22_57_568Z-debug-0.log
